<?xml version="1.0" encoding="UTF-8"?>
<testng-results ignored="0" total="1" passed="1" failed="0" skipped="0">
  <reporter-output>
  </reporter-output>
  <suite started-at="2025-02-02T13:09:13 IST" name="Default suite" finished-at="2025-02-02T13:09:28 IST" duration-ms="15197">
    <groups>
    </groups>
    <test started-at="2025-02-02T13:09:13 IST" name="Default test" finished-at="2025-02-02T13:09:28 IST" duration-ms="15197">
      <class name="ex_selenium_2025.Alerts_Demo">
        <test-method signature="test_alert_demo()[pri:0, instance:ex_selenium_2025.Alerts_Demo@23f5b5dc]" started-at="2025-02-02T13:09:13 IST" name="test_alert_demo" finished-at="2025-02-02T13:09:28 IST" duration-ms="15094" status="PASS">
          <reporter-output>
          </reporter-output>
        </test-method> <!-- test_alert_demo -->
      </class> <!-- ex_selenium_2025.Alerts_Demo -->
    </test> <!-- Default test -->
  </suite> <!-- Default suite -->
</testng-results>
